17 points by BoyC

Charlie mondta csinaljak releaset.
Amugyis unatkoztam...

Nem kell komolyan venni :)

eredetileg ugy 2 eve lett volna egy intronk
amibe egy hasonlo effekt el is keszult, azert
lett volna 17 points a cime mert a dilemma minden
intronkat 17 ponttal verte meg... szal dedicated
to nap/dilemma ;)

logout

(ja es meg mindig nem tok egy sor asmet se kodolni)

login

Na nekiestem megin es vegul csak a particle cucc
maradt meg az elozobol... mindenesetre hatalmas
greet megy GEMnek merhogy a droppere nelkul ez nem
ment volna :)

logout

login

Bred besegitett par tippel, ugyhogy megint nekiveselkedtem nagy unalmamban,
mostmar vegleg kesz van ez az ize, sot szepen kikommentezve melle raktam a
forrast is, hatha valaki kivancsi mit ganyolam ossze.

logout

                                         -= BoyC =-