This file contains any messages produced by compilers while
running configure, to aid debugging if configure makes a mistake.

It was created by origami configure 1, which was
generated by GNU Autoconf 2.59.  Invocation command line was

  $ ./configure 

## --------- ##
## Platform. ##
## --------- ##

hostname = tubipori
uname -m = i686
uname -r = 2.6.11
uname -s = Linux
uname -v = #1 Tue Jun 28 23:48:05 EEST 2005

/usr/bin/uname -p = unknown
/bin/uname -X     = unknown

/bin/arch              = i686
/usr/bin/arch -k       = unknown
/usr/convex/getsysinfo = unknown
hostinfo               = unknown
/bin/machine           = unknown
/usr/bin/oslevel       = unknown
/bin/universe          = unknown

PATH: ~/bin
PATH: ~/games
PATH: ~/sbin
PATH: /usr/local/java/bin
PATH: /usr/local/java/jre/bin
PATH: /bin
PATH: /sbin
PATH: /usr/bin
PATH: /usr/bin/X11
PATH: /usr/games
PATH: /usr/sbin
PATH: /usr/local/bin
PATH: /usr/local/games
PATH: /usr/local/sbin


## ----------- ##
## Core tests. ##
## ----------- ##

configure:1377: checking build system type
configure:1395: result: i686-pc-linux-gnu
configure:1403: checking host system type
configure:1417: result: i686-pc-linux-gnu
configure:1425: checking target system type
configure:1439: result: i686-pc-linux-gnu
configure:1469: checking for a BSD-compatible install
configure:1524: result: /usr/bin/install -c
configure:1535: checking whether build environment is sane
configure:1578: result: yes
configure:1602: WARNING: `missing' script is too old or missing
configure:1635: checking for gawk
configure:1651: found /usr/bin/gawk
configure:1661: result: gawk
configure:1671: checking whether make sets $(MAKE)
configure:1691: result: yes
configure:1869: checking for style of include used by make
configure:1897: result: GNU
configure:1968: checking for gcc
configure:1984: found /usr/bin/gcc
configure:1994: result: gcc
configure:2238: checking for C compiler version
configure:2241: gcc --version </dev/null >&5
gcc (GCC) 4.0.1 (Debian 4.0.1-2)
Copyright (C) 2005 Free Software Foundation, Inc.
This is free software; see the source for copying conditions.  There is NO
warranty; not even for MERCHANTABILITY or FITNESS FOR A PARTICULAR PURPOSE.

configure:2244: $? = 0
configure:2246: gcc -v </dev/null >&5
Using built-in specs.
Target: i486-linux-gnu
Configured with: ../src/configure -v --enable-languages=c,c++,java,f95,objc,ada,treelang --prefix=/usr --enable-shared --with-system-zlib --libexecdir=/usr/lib --enable-nls --without-included-gettext --enable-threads=posix --program-suffix=-4.0 --enable-__cxa_atexit --enable-libstdcxx-allocator=mt --enable-clocale=gnu --enable-libstdcxx-debug --enable-java-gc=boehm --enable-java-awt=gtk --with-java-home=/usr/lib/jvm/java-1.4.2-gcj-4.0-1.4.2.0/jre --enable-mpfr --disable-werror --enable-checking=release i486-linux-gnu
Thread model: posix
gcc version 4.0.1 (Debian 4.0.1-2)
configure:2249: $? = 0
configure:2251: gcc -V </dev/null >&5
gcc: '-V' option must have argument
configure:2254: $? = 1
configure:2277: checking for C compiler default output file name
configure:2280: gcc -Wall -O3 -fomit-frame-pointer -ffast-math -fsingle-precision-constant -march=pentium3  -s conftest.c  >&5
configure:2283: $? = 0
configure:2329: result: a.out
configure:2334: checking whether the C compiler works
configure:2340: ./a.out
configure:2343: $? = 0
configure:2360: result: yes
configure:2367: checking whether we are cross compiling
configure:2369: result: no
configure:2372: checking for suffix of executables
configure:2374: gcc -o conftest -Wall -O3 -fomit-frame-pointer -ffast-math -fsingle-precision-constant -march=pentium3  -s conftest.c  >&5
configure:2377: $? = 0
configure:2402: result: 
configure:2408: checking for suffix of object files
configure:2429: gcc -c -Wall -O3 -fomit-frame-pointer -ffast-math -fsingle-precision-constant -march=pentium3  conftest.c >&5
configure:2432: $? = 0
configure:2454: result: o
configure:2458: checking whether we are using the GNU C compiler
configure:2482: gcc -c -Wall -O3 -fomit-frame-pointer -ffast-math -fsingle-precision-constant -march=pentium3  conftest.c >&5
configure:2488: $? = 0
configure:2491: test -z 			 || test ! -s conftest.err
configure:2494: $? = 0
configure:2497: test -s conftest.o
configure:2500: $? = 0
configure:2513: result: yes
configure:2519: checking whether gcc accepts -g
configure:2540: gcc -c -g  conftest.c >&5
configure:2546: $? = 0
configure:2549: test -z 			 || test ! -s conftest.err
configure:2552: $? = 0
configure:2555: test -s conftest.o
configure:2558: $? = 0
configure:2569: result: yes
configure:2586: checking for gcc option to accept ANSI C
configure:2656: gcc  -c -Wall -O3 -fomit-frame-pointer -ffast-math -fsingle-precision-constant -march=pentium3  conftest.c >&5
configure:2662: $? = 0
configure:2665: test -z 			 || test ! -s conftest.err
configure:2668: $? = 0
configure:2671: test -s conftest.o
configure:2674: $? = 0
configure:2692: result: none needed
configure:2710: gcc -c -Wall -O3 -fomit-frame-pointer -ffast-math -fsingle-precision-constant -march=pentium3  conftest.c >&5
conftest.c:2: error: syntax error before 'me'
configure:2716: $? = 1
configure: failed program was:
| #ifndef __cplusplus
|   choke me
| #endif
configure:2848: checking dependency style of gcc
configure:2938: result: gcc3
configure:2960: checking how to run the C preprocessor
configure:2995: gcc -E  conftest.c
configure:3001: $? = 0
configure:3033: gcc -E  conftest.c
conftest.c:11:28: error: ac_nonexistent.h: No such file or directory
configure:3039: $? = 1
configure: failed program was:
| /* confdefs.h.  */
| 
| #define PACKAGE_NAME "origami"
| #define PACKAGE_TARNAME "origami"
| #define PACKAGE_VERSION "1"
| #define PACKAGE_STRING "origami 1"
| #define PACKAGE_BUGREPORT "foo@bar.com"
| #define PACKAGE "origami"
| #define VERSION "1"
| /* end confdefs.h.  */
| #include <ac_nonexistent.h>
configure:3078: result: gcc -E
configure:3102: gcc -E  conftest.c
configure:3108: $? = 0
configure:3140: gcc -E  conftest.c
conftest.c:11:28: error: ac_nonexistent.h: No such file or directory
configure:3146: $? = 1
configure: failed program was:
| /* confdefs.h.  */
| 
| #define PACKAGE_NAME "origami"
| #define PACKAGE_TARNAME "origami"
| #define PACKAGE_VERSION "1"
| #define PACKAGE_STRING "origami 1"
| #define PACKAGE_BUGREPORT "foo@bar.com"
| #define PACKAGE "origami"
| #define VERSION "1"
| /* end confdefs.h.  */
| #include <ac_nonexistent.h>
configure:3235: checking for gcc
configure:3261: result: gcc
configure:3505: checking for C compiler version
configure:3508: gcc --version </dev/null >&5
gcc (GCC) 4.0.1 (Debian 4.0.1-2)
Copyright (C) 2005 Free Software Foundation, Inc.
This is free software; see the source for copying conditions.  There is NO
warranty; not even for MERCHANTABILITY or FITNESS FOR A PARTICULAR PURPOSE.

configure:3511: $? = 0
configure:3513: gcc -v </dev/null >&5
Using built-in specs.
Target: i486-linux-gnu
Configured with: ../src/configure -v --enable-languages=c,c++,java,f95,objc,ada,treelang --prefix=/usr --enable-shared --with-system-zlib --libexecdir=/usr/lib --enable-nls --without-included-gettext --enable-threads=posix --program-suffix=-4.0 --enable-__cxa_atexit --enable-libstdcxx-allocator=mt --enable-clocale=gnu --enable-libstdcxx-debug --enable-java-gc=boehm --enable-java-awt=gtk --with-java-home=/usr/lib/jvm/java-1.4.2-gcj-4.0-1.4.2.0/jre --enable-mpfr --disable-werror --enable-checking=release i486-linux-gnu
Thread model: posix
gcc version 4.0.1 (Debian 4.0.1-2)
configure:3516: $? = 0
configure:3518: gcc -V </dev/null >&5
gcc: '-V' option must have argument
configure:3521: $? = 1
configure:3524: checking whether we are using the GNU C compiler
configure:3579: result: yes
configure:3585: checking whether gcc accepts -g
configure:3635: result: yes
configure:3652: checking for gcc option to accept ANSI C
configure:3758: result: none needed
configure:3776: gcc -c -Wall -O3 -fomit-frame-pointer -ffast-math -fsingle-precision-constant -march=pentium3  conftest.c >&5
conftest.c:2: error: syntax error before 'me'
configure:3782: $? = 1
configure: failed program was:
| #ifndef __cplusplus
|   choke me
| #endif
configure:3914: checking dependency style of gcc
configure:4004: result: gcc3
configure:4073: checking for g++
configure:4089: found /usr/bin/g++
configure:4099: result: g++
configure:4115: checking for C++ compiler version
configure:4118: g++ --version </dev/null >&5
g++ (GCC) 4.0.1 (Debian 4.0.1-2)
Copyright (C) 2005 Free Software Foundation, Inc.
This is free software; see the source for copying conditions.  There is NO
warranty; not even for MERCHANTABILITY or FITNESS FOR A PARTICULAR PURPOSE.

configure:4121: $? = 0
configure:4123: g++ -v </dev/null >&5
Using built-in specs.
Target: i486-linux-gnu
Configured with: ../src/configure -v --enable-languages=c,c++,java,f95,objc,ada,treelang --prefix=/usr --enable-shared --with-system-zlib --libexecdir=/usr/lib --enable-nls --without-included-gettext --enable-threads=posix --program-suffix=-4.0 --enable-__cxa_atexit --enable-libstdcxx-allocator=mt --enable-clocale=gnu --enable-libstdcxx-debug --enable-java-gc=boehm --enable-java-awt=gtk --with-java-home=/usr/lib/jvm/java-1.4.2-gcj-4.0-1.4.2.0/jre --enable-mpfr --disable-werror --enable-checking=release i486-linux-gnu
Thread model: posix
gcc version 4.0.1 (Debian 4.0.1-2)
configure:4126: $? = 0
configure:4128: g++ -V </dev/null >&5
g++: '-V' option must have argument
configure:4131: $? = 1
configure:4134: checking whether we are using the GNU C++ compiler
configure:4158: g++ -c -Wall -O3 -fomit-frame-pointer -ffast-math -fsingle-precision-constant -march=athlon-xp  conftest.cc >&5
configure:4164: $? = 0
configure:4167: test -z 			 || test ! -s conftest.err
configure:4170: $? = 0
configure:4173: test -s conftest.o
configure:4176: $? = 0
configure:4189: result: yes
configure:4195: checking whether g++ accepts -g
configure:4216: g++ -c -g  conftest.cc >&5
configure:4222: $? = 0
configure:4225: test -z 			 || test ! -s conftest.err
configure:4228: $? = 0
configure:4231: test -s conftest.o
configure:4234: $? = 0
configure:4245: result: yes
configure:4287: g++ -c -Wall -O3 -fomit-frame-pointer -ffast-math -fsingle-precision-constant -march=athlon-xp  conftest.cc >&5
configure:4293: $? = 0
configure:4296: test -z 			 || test ! -s conftest.err
configure:4299: $? = 0
configure:4302: test -s conftest.o
configure:4305: $? = 0
configure:4331: g++ -c -Wall -O3 -fomit-frame-pointer -ffast-math -fsingle-precision-constant -march=athlon-xp  conftest.cc >&5
conftest.cc: In function 'int main()':
conftest.cc:15: error: 'exit' was not declared in this scope
configure:4337: $? = 1
configure: failed program was:
| /* confdefs.h.  */
| 
| #define PACKAGE_NAME "origami"
| #define PACKAGE_TARNAME "origami"
| #define PACKAGE_VERSION "1"
| #define PACKAGE_STRING "origami 1"
| #define PACKAGE_BUGREPORT "foo@bar.com"
| #define PACKAGE "origami"
| #define VERSION "1"
| /* end confdefs.h.  */
| 
| int
| main ()
| {
| exit (42);
|   ;
|   return 0;
| }
configure:4287: g++ -c -Wall -O3 -fomit-frame-pointer -ffast-math -fsingle-precision-constant -march=athlon-xp  conftest.cc >&5
configure:4293: $? = 0
configure:4296: test -z 			 || test ! -s conftest.err
configure:4299: $? = 0
configure:4302: test -s conftest.o
configure:4305: $? = 0
configure:4331: g++ -c -Wall -O3 -fomit-frame-pointer -ffast-math -fsingle-precision-constant -march=athlon-xp  conftest.cc >&5
configure:4337: $? = 0
configure:4340: test -z 			 || test ! -s conftest.err
configure:4343: $? = 0
configure:4346: test -s conftest.o
configure:4349: $? = 0
configure:4374: checking dependency style of g++
configure:4464: result: gcc3
configure:4481: checking whether make sets $(MAKE)
configure:4501: result: yes
configure:4551: checking for ranlib
configure:4567: found /usr/bin/ranlib
configure:4578: result: ranlib
configure:4593: checking for egrep
configure:4603: result: grep -E
configure:4608: checking for ANSI C header files
configure:4633: gcc -c -Wall -O3 -fomit-frame-pointer -ffast-math -fsingle-precision-constant -march=pentium3  conftest.c >&5
configure:4639: $? = 0
configure:4642: test -z 			 || test ! -s conftest.err
configure:4645: $? = 0
configure:4648: test -s conftest.o
configure:4651: $? = 0
configure:4740: gcc -o conftest -Wall -O3 -fomit-frame-pointer -ffast-math -fsingle-precision-constant -march=pentium3  -s conftest.c  >&5
conftest.c: In function 'main':
conftest.c:31: warning: implicit declaration of function 'exit'
conftest.c:31: warning: incompatible implicit declaration of built-in function 'exit'
configure:4743: $? = 0
configure:4745: ./conftest
configure:4748: $? = 0
configure:4763: result: yes
configure:4787: checking for sys/types.h
configure:4803: gcc -c -Wall -O3 -fomit-frame-pointer -ffast-math -fsingle-precision-constant -march=pentium3  conftest.c >&5
configure:4809: $? = 0
configure:4812: test -z 			 || test ! -s conftest.err
configure:4815: $? = 0
configure:4818: test -s conftest.o
configure:4821: $? = 0
configure:4832: result: yes
configure:4787: checking for sys/stat.h
configure:4803: gcc -c -Wall -O3 -fomit-frame-pointer -ffast-math -fsingle-precision-constant -march=pentium3  conftest.c >&5
configure:4809: $? = 0
configure:4812: test -z 			 || test ! -s conftest.err
configure:4815: $? = 0
configure:4818: test -s conftest.o
configure:4821: $? = 0
configure:4832: result: yes
configure:4787: checking for stdlib.h
configure:4803: gcc -c -Wall -O3 -fomit-frame-pointer -ffast-math -fsingle-precision-constant -march=pentium3  conftest.c >&5
configure:4809: $? = 0
configure:4812: test -z 			 || test ! -s conftest.err
configure:4815: $? = 0
configure:4818: test -s conftest.o
configure:4821: $? = 0
configure:4832: result: yes
configure:4787: checking for string.h
configure:4803: gcc -c -Wall -O3 -fomit-frame-pointer -ffast-math -fsingle-precision-constant -march=pentium3  conftest.c >&5
configure:4809: $? = 0
configure:4812: test -z 			 || test ! -s conftest.err
configure:4815: $? = 0
configure:4818: test -s conftest.o
configure:4821: $? = 0
configure:4832: result: yes
configure:4787: checking for memory.h
configure:4803: gcc -c -Wall -O3 -fomit-frame-pointer -ffast-math -fsingle-precision-constant -march=pentium3  conftest.c >&5
configure:4809: $? = 0
configure:4812: test -z 			 || test ! -s conftest.err
configure:4815: $? = 0
configure:4818: test -s conftest.o
configure:4821: $? = 0
configure:4832: result: yes
configure:4787: checking for strings.h
configure:4803: gcc -c -Wall -O3 -fomit-frame-pointer -ffast-math -fsingle-precision-constant -march=pentium3  conftest.c >&5
configure:4809: $? = 0
configure:4812: test -z 			 || test ! -s conftest.err
configure:4815: $? = 0
configure:4818: test -s conftest.o
configure:4821: $? = 0
configure:4832: result: yes
configure:4787: checking for inttypes.h
configure:4803: gcc -c -Wall -O3 -fomit-frame-pointer -ffast-math -fsingle-precision-constant -march=pentium3  conftest.c >&5
configure:4809: $? = 0
configure:4812: test -z 			 || test ! -s conftest.err
configure:4815: $? = 0
configure:4818: test -s conftest.o
configure:4821: $? = 0
configure:4832: result: yes
configure:4787: checking for stdint.h
configure:4803: gcc -c -Wall -O3 -fomit-frame-pointer -ffast-math -fsingle-precision-constant -march=pentium3  conftest.c >&5
configure:4809: $? = 0
configure:4812: test -z 			 || test ! -s conftest.err
configure:4815: $? = 0
configure:4818: test -s conftest.o
configure:4821: $? = 0
configure:4832: result: yes
configure:4787: checking for unistd.h
configure:4803: gcc -c -Wall -O3 -fomit-frame-pointer -ffast-math -fsingle-precision-constant -march=pentium3  conftest.c >&5
configure:4809: $? = 0
configure:4812: test -z 			 || test ! -s conftest.err
configure:4815: $? = 0
configure:4818: test -s conftest.o
configure:4821: $? = 0
configure:4832: result: yes
configure:4859: checking math.h usability
configure:4871: gcc -c -Wall -O3 -fomit-frame-pointer -ffast-math -fsingle-precision-constant -march=pentium3  conftest.c >&5
configure:4877: $? = 0
configure:4880: test -z 			 || test ! -s conftest.err
configure:4883: $? = 0
configure:4886: test -s conftest.o
configure:4889: $? = 0
configure:4899: result: yes
configure:4903: checking math.h presence
configure:4913: gcc -E  conftest.c
configure:4919: $? = 0
configure:4939: result: yes
configure:4974: checking for math.h
configure:4981: result: yes
configure:4850: checking for stdlib.h
configure:4855: result: yes
configure:5051: checking for main in -lGL
configure:5075: gcc -o conftest -Wall -O3 -fomit-frame-pointer -ffast-math -fsingle-precision-constant -march=pentium3  -s conftest.c -lGL   >&5
configure:5081: $? = 0
configure:5084: test -z 			 || test ! -s conftest.err
configure:5087: $? = 0
configure:5090: test -s conftest
configure:5093: $? = 0
configure:5106: result: yes
configure:5121: checking for main in -lGLU
configure:5145: gcc -o conftest -Wall -O3 -fomit-frame-pointer -ffast-math -fsingle-precision-constant -march=pentium3  -s conftest.c -lGLU  -lGL  >&5
configure:5151: $? = 0
configure:5154: test -z 			 || test ! -s conftest.err
configure:5157: $? = 0
configure:5160: test -s conftest
configure:5163: $? = 0
configure:5176: result: yes
configure:5191: checking for main in -lglut
configure:5215: gcc -o conftest -Wall -O3 -fomit-frame-pointer -ffast-math -fsingle-precision-constant -march=pentium3  -s conftest.c -lglut  -lGLU -lGL  >&5
configure:5221: $? = 0
configure:5224: test -z 			 || test ! -s conftest.err
configure:5227: $? = 0
configure:5230: test -s conftest
configure:5233: $? = 0
configure:5246: result: yes
configure:5276: checking GL/gl.h usability
configure:5288: gcc -c -Wall -O3 -fomit-frame-pointer -ffast-math -fsingle-precision-constant -march=pentium3  conftest.c >&5
configure:5294: $? = 0
configure:5297: test -z 			 || test ! -s conftest.err
configure:5300: $? = 0
configure:5303: test -s conftest.o
configure:5306: $? = 0
configure:5316: result: yes
configure:5320: checking GL/gl.h presence
configure:5330: gcc -E  conftest.c
configure:5336: $? = 0
configure:5356: result: yes
configure:5391: checking for GL/gl.h
configure:5398: result: yes
configure:5276: checking GL/glu.h usability
configure:5288: gcc -c -Wall -O3 -fomit-frame-pointer -ffast-math -fsingle-precision-constant -march=pentium3  conftest.c >&5
configure:5294: $? = 0
configure:5297: test -z 			 || test ! -s conftest.err
configure:5300: $? = 0
configure:5303: test -s conftest.o
configure:5306: $? = 0
configure:5316: result: yes
configure:5320: checking GL/glu.h presence
configure:5330: gcc -E  conftest.c
configure:5336: $? = 0
configure:5356: result: yes
configure:5391: checking for GL/glu.h
configure:5398: result: yes
configure:5276: checking GL/glut.h usability
configure:5288: gcc -c -Wall -O3 -fomit-frame-pointer -ffast-math -fsingle-precision-constant -march=pentium3  conftest.c >&5
configure:5294: $? = 0
configure:5297: test -z 			 || test ! -s conftest.err
configure:5300: $? = 0
configure:5303: test -s conftest.o
configure:5306: $? = 0
configure:5316: result: yes
configure:5320: checking GL/glut.h presence
configure:5330: gcc -E  conftest.c
configure:5336: $? = 0
configure:5356: result: yes
configure:5391: checking for GL/glut.h
configure:5398: result: yes
configure:5414: checking if OpenGL is ok
configure:5427: result: yes
configure:5468: checking for pkg-config
configure:5486: found /usr/bin/pkg-config
configure:5499: result: /usr/bin/pkg-config
configure:5520: checking for GTK+ - version >= 2.4.10
configure:5635: gcc -o conftest -Wall -O3 -fomit-frame-pointer -ffast-math -fsingle-precision-constant -march=pentium3 -DXTHREADS -I/usr/include/gtk-2.0 -I/usr/lib/gtk-2.0/include -I/usr/X11R6/include -I/usr/include/atk-1.0 -I/usr/include/pango-1.0 -I/usr/include/freetype2 -I/usr/include/glib-2.0 -I/usr/lib/glib-2.0/include    -s conftest.c -lgtk-x11-2.0 -lgdk-x11-2.0 -latk-1.0 -lgdk_pixbuf-2.0 -lm -lpangoxft-1.0 -lpangox-1.0 -lpangoft2-1.0 -lpango-1.0 -lgobject-2.0 -lgmodule-2.0 -ldl -lglib-2.0   -lglut -lGLU -lGL  >&5
configure:5638: $? = 0
configure:5640: ./conftest
configure:5643: $? = 0
configure:5661: result: yes (version 2.6.8)
configure:5748: checking if gtk is ok
configure:5751: result: yes
configure:5843: checking for sdl-config
configure:5861: found /usr/bin/sdl-config
configure:5874: result: /usr/bin/sdl-config
configure:5882: checking for SDL - version >= 1.2.4
configure:5972: gcc -o conftest -Wall -O3 -fomit-frame-pointer -ffast-math -fsingle-precision-constant -march=pentium3 -DXTHREADS -I/usr/include/gtk-2.0 -I/usr/lib/gtk-2.0/include -I/usr/X11R6/include -I/usr/include/atk-1.0 -I/usr/include/pango-1.0 -I/usr/include/freetype2 -I/usr/include/glib-2.0 -I/usr/lib/glib-2.0/include   -I/usr/include/SDL -D_REENTRANT  -s conftest.c -lglut -lGLU -lGL  -lgtk-x11-2.0 -lgdk-x11-2.0 -latk-1.0 -lgdk_pixbuf-2.0 -lm -lpangoxft-1.0 -lpangox-1.0 -lpangoft2-1.0 -lpango-1.0 -lgobject-2.0 -lgmodule-2.0 -ldl -lglib-2.0   -L/usr/lib -lSDL -lpthread >&5
configure:5975: $? = 0
configure:5977: ./conftest
configure:5980: $? = 0
configure:5998: result: yes
configure:6092: checking if SDL is ok
configure:6095: result: yes
configure:6158: checking for main in -lSDL_image
configure:6182: gcc -o conftest -Wall -O3 -fomit-frame-pointer -ffast-math -fsingle-precision-constant -march=pentium3 -DXTHREADS -I/usr/include/gtk-2.0 -I/usr/lib/gtk-2.0/include -I/usr/X11R6/include -I/usr/include/atk-1.0 -I/usr/include/pango-1.0 -I/usr/include/freetype2 -I/usr/include/glib-2.0 -I/usr/lib/glib-2.0/include   -I/usr/include/SDL -D_REENTRANT  -s conftest.c -lSDL_image  -lglut -lGLU -lGL  -lgtk-x11-2.0 -lgdk-x11-2.0 -latk-1.0 -lgdk_pixbuf-2.0 -lm -lpangoxft-1.0 -lpangox-1.0 -lpangoft2-1.0 -lpango-1.0 -lgobject-2.0 -lgmodule-2.0 -ldl -lglib-2.0   -L/usr/lib -lSDL -lpthread >&5
configure:6188: $? = 0
configure:6191: test -z 			 || test ! -s conftest.err
configure:6194: $? = 0
configure:6197: test -s conftest
configure:6200: $? = 0
configure:6213: result: yes
configure:6228: checking if SDL_image is ok
configure:6243: result: yes
configure:6453: creating ./config.status

## ---------------------- ##
## Running config.status. ##
## ---------------------- ##

This file was extended by origami config.status 1, which was
generated by GNU Autoconf 2.59.  Invocation command line was

  CONFIG_FILES    = 
  CONFIG_HEADERS  = 
  CONFIG_LINKS    = 
  CONFIG_COMMANDS = 
  $ ./config.status 

on tubipori

config.status:763: creating Makefile
config.status:763: creating src/Makefile
config.status:829: creating src/config.h
config.status:1135: executing depfiles commands

## ---------------- ##
## Cache variables. ##
## ---------------- ##

ac_cv_build=i686-pc-linux-gnu
ac_cv_build_alias=i686-pc-linux-gnu
ac_cv_c_compiler_gnu=yes
ac_cv_cxx_compiler_gnu=yes
ac_cv_env_CC_set=
ac_cv_env_CC_value=
ac_cv_env_CFLAGS_set=set
ac_cv_env_CFLAGS_value='-Wall -O3 -fomit-frame-pointer -ffast-math -fsingle-precision-constant -march=pentium3'
ac_cv_env_CPPFLAGS_set=
ac_cv_env_CPPFLAGS_value=
ac_cv_env_CPP_set=
ac_cv_env_CPP_value=
ac_cv_env_CXXFLAGS_set=set
ac_cv_env_CXXFLAGS_value='-Wall -O3 -fomit-frame-pointer -ffast-math -fsingle-precision-constant -march=athlon-xp'
ac_cv_env_CXX_set=
ac_cv_env_CXX_value=
ac_cv_env_LDFLAGS_set=set
ac_cv_env_LDFLAGS_value=-s
ac_cv_env_build_alias_set=
ac_cv_env_build_alias_value=
ac_cv_env_host_alias_set=
ac_cv_env_host_alias_value=
ac_cv_env_target_alias_set=
ac_cv_env_target_alias_value=
ac_cv_exeext=
ac_cv_header_GL_gl_h=yes
ac_cv_header_GL_glu_h=yes
ac_cv_header_GL_glut_h=yes
ac_cv_header_inttypes_h=yes
ac_cv_header_math_h=yes
ac_cv_header_memory_h=yes
ac_cv_header_stdc=yes
ac_cv_header_stdint_h=yes
ac_cv_header_stdlib_h=yes
ac_cv_header_string_h=yes
ac_cv_header_strings_h=yes
ac_cv_header_sys_stat_h=yes
ac_cv_header_sys_types_h=yes
ac_cv_header_unistd_h=yes
ac_cv_host=i686-pc-linux-gnu
ac_cv_host_alias=i686-pc-linux-gnu
ac_cv_lib_GL=ac_cv_lib_GL_main
ac_cv_lib_GLU=ac_cv_lib_GLU_main
ac_cv_lib_GLU_main=yes
ac_cv_lib_GL_main=yes
ac_cv_lib_SDL_image=ac_cv_lib_SDL_image_main
ac_cv_lib_SDL_image_main=yes
ac_cv_lib_glut=ac_cv_lib_glut_main
ac_cv_lib_glut_main=yes
ac_cv_objext=o
ac_cv_path_PKG_CONFIG=/usr/bin/pkg-config
ac_cv_path_SDL_CONFIG=/usr/bin/sdl-config
ac_cv_path_install='/usr/bin/install -c'
ac_cv_prog_AWK=gawk
ac_cv_prog_CPP='gcc -E'
ac_cv_prog_ac_ct_CC=gcc
ac_cv_prog_ac_ct_CXX=g++
ac_cv_prog_ac_ct_RANLIB=ranlib
ac_cv_prog_cc_g=yes
ac_cv_prog_cc_stdc=
ac_cv_prog_cxx_g=yes
ac_cv_prog_egrep='grep -E'
ac_cv_prog_make_make_set=yes
ac_cv_target=i686-pc-linux-gnu
ac_cv_target_alias=i686-pc-linux-gnu
am_cv_CC_dependencies_compiler_type=gcc3
am_cv_CXX_dependencies_compiler_type=gcc3

## ----------------- ##
## Output variables. ##
## ----------------- ##

ACLOCAL='aclocal -I . -I /usr/local/share/aclocal'
AMDEPBACKSLASH='\'
AMDEP_FALSE='#'
AMDEP_TRUE=''
AMTAR='tar'
AUTOCONF='autoconf'
AUTOHEADER='autoheader'
AUTOMAKE='automake-1.8'
AWK='gawk'
CC='gcc'
CCDEPMODE='depmode=gcc3'
CFLAGS='-Wall -O3 -fomit-frame-pointer -ffast-math -fsingle-precision-constant -march=pentium3 -DXTHREADS -I/usr/include/gtk-2.0 -I/usr/lib/gtk-2.0/include -I/usr/X11R6/include -I/usr/include/atk-1.0 -I/usr/include/pango-1.0 -I/usr/include/freetype2 -I/usr/include/glib-2.0 -I/usr/lib/glib-2.0/include   -I/usr/include/SDL -D_REENTRANT'
CPP='gcc -E'
CPPFLAGS=''
CXX='g++'
CXXDEPMODE='depmode=gcc3'
CXXFLAGS='-Wall -O3 -fomit-frame-pointer -ffast-math -fsingle-precision-constant -march=athlon-xp -DXTHREADS -I/usr/include/gtk-2.0 -I/usr/lib/gtk-2.0/include -I/usr/X11R6/include -I/usr/include/atk-1.0 -I/usr/include/pango-1.0 -I/usr/include/freetype2 -I/usr/include/glib-2.0 -I/usr/lib/glib-2.0/include   -I/usr/include/SDL -D_REENTRANT'
CYGPATH_W='echo'
DEFS='-DHAVE_CONFIG_H'
DEPDIR='.deps'
ECHO_C=''
ECHO_N='-n'
ECHO_T=''
EGREP='grep -E'
EXEEXT=''
FLAG_ENABLE_GTK='yes'
FLAG_ENABLE_GTK_FALSE='#'
FLAG_ENABLE_GTK_TRUE=''
FLAG_ENABLE_SDL_IMAGE='yes'
FLAG_ENABLE_SDL_IMAGE_FALSE='#'
FLAG_ENABLE_SDL_IMAGE_TRUE=''
GTK_CFLAGS='-DXTHREADS -I/usr/include/gtk-2.0 -I/usr/lib/gtk-2.0/include -I/usr/X11R6/include -I/usr/include/atk-1.0 -I/usr/include/pango-1.0 -I/usr/include/freetype2 -I/usr/include/glib-2.0 -I/usr/lib/glib-2.0/include  '
GTK_LIBS='-lgtk-x11-2.0 -lgdk-x11-2.0 -latk-1.0 -lgdk_pixbuf-2.0 -lm -lpangoxft-1.0 -lpangox-1.0 -lpangoft2-1.0 -lpango-1.0 -lgobject-2.0 -lgmodule-2.0 -ldl -lglib-2.0  '
HAVE_GL_GLUT_H=''
HAVE_GL_GLU_H=''
HAVE_GL_GL_H=''
INSTALL_DATA='${INSTALL} -m 644'
INSTALL_PROGRAM='${INSTALL}'
INSTALL_SCRIPT='${INSTALL}'
INSTALL_STRIP_PROGRAM='${SHELL} $(install_sh) -c -s'
LDFLAGS='-s'
LIBOBJS=''
LIBS='-lglut -lGLU -lGL  -lgtk-x11-2.0 -lgdk-x11-2.0 -latk-1.0 -lgdk_pixbuf-2.0 -lm -lpangoxft-1.0 -lpangox-1.0 -lpangoft2-1.0 -lpango-1.0 -lgobject-2.0 -lgmodule-2.0 -ldl -lglib-2.0   -L/usr/lib -lSDL -lpthread -lSDL_image'
LTLIBOBJS=''
MAKEINFO='makeinfo'
OBJEXT='o'
PACKAGE='origami'
PACKAGE_BUGREPORT='foo@bar.com'
PACKAGE_NAME='origami'
PACKAGE_STRING='origami 1'
PACKAGE_TARNAME='origami'
PACKAGE_VERSION='1'
PATH_SEPARATOR=':'
PKG_CONFIG='/usr/bin/pkg-config'
RANLIB='ranlib'
SDL_CFLAGS='-I/usr/include/SDL -D_REENTRANT'
SDL_CONFIG='/usr/bin/sdl-config'
SDL_IMAGE_LIBS='-lSDL_image'
SDL_LIBS='-L/usr/lib -lSDL -lpthread'
SET_MAKE=''
SHELL='/bin/bash'
STRIP=''
VERSION='1'
ac_ct_CC='gcc'
ac_ct_CXX='g++'
ac_ct_RANLIB='ranlib'
ac_ct_STRIP=''
am__fastdepCC_FALSE='#'
am__fastdepCC_TRUE=''
am__fastdepCXX_FALSE='#'
am__fastdepCXX_TRUE=''
am__include='include'
am__leading_dot='.'
am__quote=''
bindir='${exec_prefix}/bin'
build='i686-pc-linux-gnu'
build_alias=''
build_cpu='i686'
build_os='linux-gnu'
build_vendor='pc'
datadir='${prefix}/share'
exec_prefix='${prefix}'
host='i686-pc-linux-gnu'
host_alias=''
host_cpu='i686'
host_os='linux-gnu'
host_vendor='pc'
includedir='${prefix}/include'
infodir='${prefix}/info'
install_sh='/work/origami/install-sh'
libdir='${exec_prefix}/lib'
libexecdir='${exec_prefix}/libexec'
localstatedir='${prefix}/var'
mandir='${prefix}/man'
mkdir_p='mkdir -p -- .'
oldincludedir='/usr/include'
prefix='/usr/local'
program_transform_name='s,x,x,'
sbindir='${exec_prefix}/sbin'
sharedstatedir='${prefix}/com'
sysconfdir='${prefix}/etc'
target='i686-pc-linux-gnu'
target_alias=''
target_cpu='i686'
target_os='linux-gnu'
target_vendor='pc'

## ----------- ##
## confdefs.h. ##
## ----------- ##

#define FLAG_ENABLE_GTK
#define FLAG_ENABLE_SDL_IMAGE
#define HAVE_GL_GLUT_H 1
#define HAVE_GL_GLU_H 1
#define HAVE_GL_GL_H 1
#define HAVE_INTTYPES_H 1
#define HAVE_LIBGL 1
#define HAVE_LIBGLU 1
#define HAVE_LIBGLUT 1
#define HAVE_MATH_H 1
#define HAVE_MEMORY_H 1
#define HAVE_STDINT_H 1
#define HAVE_STDLIB_H 1
#define HAVE_STDLIB_H 1
#define HAVE_STRINGS_H 1
#define HAVE_STRING_H 1
#define HAVE_SYS_STAT_H 1
#define HAVE_SYS_TYPES_H 1
#define HAVE_UNISTD_H 1
#define PACKAGE "origami"
#define PACKAGE_BUGREPORT "foo@bar.com"
#define PACKAGE_NAME "origami"
#define PACKAGE_STRING "origami 1"
#define PACKAGE_TARNAME "origami"
#define PACKAGE_VERSION "1"
#define STDC_HEADERS 1
#define VERSION "1"
#endif
#ifdef __cplusplus
extern "C" void std::exit (int) throw (); using std::exit;

configure: exit 0
