                                 T H E

               .sS$$$$$$$$$$$$$$$$$$$$$$$$$$$$$$$$$$$$Ss.
              d$$ý'        `ý$$$$  $$$$$$$$$  $$$$$$$$$$$b
              $$'  .sS$$Ss.  `$$$  $$$$$$$$$  $$$$$$$$$$$$
              $$   $$$$$$""   $$$  $$$$$$$$$  $$$$$$$$$$$$
              $$   $$$'      $$$  $$$$$$$$$  $$$$$$$$$$$$
              $$   $$' .$$$   $$$  $$$$$$$$$  $$$$$$$$$$$$
              $$   $' $$$$$   $$$  $$$$$$$$$  $$$$$$$$$$$$
              $$   $bd$$$$$   $$$  `$$$$$$$$  `$$$$$$$$$$$
              $$.  `$$$$$$'  .$$$    `"""""b   `"""""$$$
              $$$.   `$$'   .$$$$.          l          I$$
              $$$$bsSs$$sSsd$$$$$$SsssssssssSSsssssssssS$$
              $$$  A N T I      L A M E R   L E A G U E  $
              `$$bssssssssssssssssssssssssssssssssssssssd'

                          List of released stuffs

úù-ÄÄÄÄÄÄÄÄÄÄÂÄÄÄÄÂÄÄÄÄÄÄÄÄÄÂÄÄÄÄÄÄÄÄÄÄÄÄÄÄÄÄÄÄÄÄÄÄÄÄÄÄÄÄÄÄÄÄÄÄÄÄÄÄÄ--ùú
Stuff's name ³Size³  Date   ³       Description
             |    |         |
             ø    ø         ø
TNCAT-12.RAR   10k 07.04.96.  Terror News Saved Article Catalogizer
                                            V1.2             [Bird]

DMS141á .ARJ   33k 08.13.96.  Dynamic Menu System  V1.41á    [MeAn]

RADIR10á.EXE   19k 08.16.96.  Reversible Arcane Directory V1.0á
                                   The Security Utility
                                     Shareware version       [Bird]

RADIR 1.0      33k 04.06.96.  Reversible Arcane Directory V1.0
                                   The Security Utility
                                     Registered version      [Bird]

RADIR 1.1á     43k 05.29.96.  Reversible Arcane Directory V1.1á
                                   The Security Utility
                                     Registered version      [Bird]

RADIR 1.11     46k 07.20.96.  Reversible Arcane Directory V1.11
                                   The Security Utility
                                     Registered version      [Bird]

RADIR 1.12     60k 10.26.96.  Reversible Arcane Directory V1.12
                                   The Security Utility
                                     Registered version      [Bird]

RADIR 1.13     63k 11.10.96.  Reversible Arcane Directory V1.13
                                   The Security Utility
                                     Registered version      [Bird]

CLIMB   .XM   245k 08.30.96.  Climb A Rock
                              Multichannel muzak
                              Released at AntIQ'96 Party,P‚cs
                              13th.                          [Bird]

CWM#00  .RAR   22k 11.11.96.  CrossWord Magazine Pr¢basz m   [Bird]

RADIR 1.14     63k 11.20.96.  Reversible Arcane Directory V1.14
                                   The Security Utility
                                     Registered version      [Bird]

ALL-CRAZ.RAR    2k 11.09.96.        Crazy Letters            [Geerie]

                                Coded by Geerie SdS of ’LL

                              { fisubr [word ptr DI-2140] }
                              { CopyRight by Geerie SdS   }

SMURFS  .ASC    1k 11.13.96.  SMURFS BBS header ASCII        [Bird]

CWM#01__.EXE   43k 11.25.96.  CrossWord Magazine #01         [Bird]

ALL-LPSS.RAR    4k 02.12.97.  DN Low Power Screen Saver      [Bird]
                                 Turn the monitor to
                               suspend and/or off mode.

AL-SLACK.RAR   13k 03.09.97.         SLACKOMETER             [Bird]

                              If you use this program, you
                              can see the slack of your harddisk.
                              The program creates a file
                              (SLACK.DAT), which contains
                              the file's slack-size in all
                              cluster sizes.

CWM#02__.EXE   40k 03.17.97.  CrossWord Magazine #02         [Bird]

CWM#03__.EXE   52k 05.30.97.  CrossWord Magazine #03         [Bird]

GIRLS   .RAR   8Mb 07.05.97   Sex puzzle in real mode.
                              0.5 version.                   [ViC]

WOMAN   .RAR 3200k 08.23.97.  W.O.M.A.N.
                              Winter Outside Mars And Nasa
                              Fun demo.
                              Released at AntIQ '97 Party, PECS (3rd. place:)

MP3TAGER.RAR   18k 09.03.97.  FREEWARE easy use MP3 tag maker[Bird]

GIRLS   .RAR  10Mb 10.12.97.  Sex puzzle.Lots of picture.Lots of Girl:)
                              FREEWARE version.              [ViC]

MP3TG15 .RAR   32k 11.24.97.  FREEWARE easy use MP3 tag maker
                              and MP3 lister v1.5            [Bird]

GIRLS!  .RAR  15Mb 11.26.97.  Sex puzzle.Lots of picture.Lots of Girl.
                              FULL version.                  [ViC]

MP3TG16 .RAR   32k 12.20.97.  FREEWARE easy use MP3 tag maker
                              and MP3 lister v1.6            [Bird]
                              Released at Jumper '97 Party, Debrecen, Hungary

ALL-LPSS.RAR    9k 01.07.98.  DN Low Power Screen Saver V1.2 [Bird]
                                 Turn the monitor to
                               suspend and/or off mode.(ET-6000 bugfix)

MP3TG19 .ZIP   38k 01.08.98.  FREEWARE easy use MP3 tag maker
                              and MP3 lister v1.9            [Bird]

MP3TG20 .ZIP   41k 01.22.98.  FREEWARE easy use MP3 tag maker
                              and MP3 lister v2.0            [Bird]

MP3TG21 .ZIP   42k 01.30.98.  FREEWARE easy use MP3 tag maker
                              and MP3 lister v2.1            [Bird]

MP3TG21b.ZIP   42k 01.31.98.  FREEWARE easy use MP3 tag maker
                              and MP3 lister v2.1b           [Bird]

MP3TG22 .ZIP   44k 02.04.98.  FREEWARE easy use MP3 tag maker v2.2
                              and MP3 lister v2.5            [Bird]

MP3TG25 .ZIP   44k 02.08.98.  FREEWARE easy use MP3 tag maker v2.5
                              and MP3 lister v2.5            [Bird]
                              Released at Flag '98 Party, Budapest, Hungary

ISONIC  .RAR  0.5M 02.10.98.  Jump and Jump game in Protected mode.
                              640x480x256.    SB
                              with lots of bug               [ViC]

MP3TG26 .ZIP   58k 02.24.98.  FREEWARE easy use MP3 tag maker v2.6,
                              MP3 lister and desc2tag        [Bird]

DESC2TG1.ZIP   14k 02.24.98.  FREEWARE Description 2 ID3 TAG converter
                              v 2.6                          [Bird]

ISONIC  .RAR  0.8M 02.27.98.  Version number is 0.3          [ViC]

MP3TG27 .ZIP   60k 03.02.98.  FREEWARE easy use MP3 tag maker v2.7,
                              MP3 lister and desc2tag        [Bird]

DESC2TG2.ZIP   15k 03.02.98.  FREEWARE Description 2 ID3 TAG converter
                              v 2.7                          [Bird]

PCINFO  .EXE  12k  03.12.98.  Pc info in Protected mode.     [ViC]

ALBERT  .RAR  1.2M 03.15.98.  iSonic ==> Albert the Worker
                                               0.5
                              with lot of bugs :(            [ViC]

MP3TG28 .ZIP   62k 03.16.98.  FREEWARE easy use MP3 tag maker v2.8,
                              MP3 lister and desc2tag        [Bird]

MP3LST28.ZIP   22k 03.16.98.  FREEWARE easy configurable MP3 lister
                              with longfilename support v2.8 [Bird]

DESC2TG3.ZIP   16k 03.16.98.  FREEWARE Description 2 ID3 TAG converter
                              v 2.8                          [Bird]

MP3TG29 .ZIP   64k 03.23.98.  FREEWARE easy use MP3 tag maker v2.9,
                              MP3 lister and desc2tag        [Bird]

MP3LST29.ZIP   23k 03.23.98.  FREEWARE easy configurable MP3 lister
                              with longfilename support v2.9 [Bird]

DESC2TG4.ZIP   16k 03.23.98.  FREEWARE Description 2 ID3 TAG converter
                              v 2.9                          [Bird]

MP3TG30 .ZIP   65k 03.29.98.  FREEWARE easy use MP3 tag maker v3.0,
                              MP3 lister and desc2tag        [Bird]

MP3LST30.ZIP   24k 03.29.98.  FREEWARE easy configurable MP3 lister
                              with longfilename support v3.0 [Bird]

ALBERT .RAR   1.6M 04.01.98.  Albert's version is 0.8
                              with some of bugs              [ViC]

ALBERT .RAR   1.8M 04.30.98.  Albert's version is 0.92
                              Full Shareware version.        [ViC]
                              640x480x256  SB/[GuS]




